<?xml version="1.0" encoding="UTF-8"?>
<!-- Generated by org.testng.reporters.JUnitReportReporter -->
<testsuite hostname="LAPTOP-9GN5NKPT" failures="0" tests="4" name="com.TestNG.Annotations1" time="0.015" errors="0" timestamp="2023-02-09T09:14:01 GMT" skipped="1">
  <testcase classname="com.TestNG.Annotations1" name="gmailApplicationLaunchTest" time="0.012"/>
  <system-out/>
  <testcase classname="com.TestNG.Annotations1" name="InBoxTest" time="0.002"/>
  <system-out/>
  <testcase classname="com.TestNG.Annotations1" name="sentMail" time="0.001"/>
  <system-out/>
  <testcase classname="com.TestNG.Annotations1" name="composeMailTest">
    <skipped/>
  </testcase> <!-- composeMailTest -->
  <system-out/>
</testsuite> <!-- com.TestNG.Annotations1 -->
