<?xml version="1.0" encoding="UTF-8"?>
<!-- Generated by org.testng.reporters.JUnitReportReporter -->
<testsuite hostname="LAPTOP-9GN5NKPT" failures="0" tests="1" name="com.TestNGWebTable.WebTable_ExportFirstColumnDataToExcel" time="14.820" errors="0" timestamp="2023-02-09T10:45:19 GMT" skipped="0">
  <testcase classname="com.TestNGWebTable.WebTable_ExportFirstColumnDataToExcel" name="ExportFirstColumnDataToExcel" time="14.820"/>
  <system-out/>
</testsuite> <!-- com.TestNGWebTable.WebTable_ExportFirstColumnDataToExcel -->
