<?xml version="1.0" encoding="UTF-8"?>
<!-- Generated by org.testng.reporters.JUnitReportReporter -->
<testsuite hostname="LAPTOP-9GN5NKPT" failures="0" tests="2" name="com.OHRM_BaseTest.BaseTest" time="2.813" errors="0" timestamp="2023-02-13T16:31:55 GMT" skipped="0">
  <testcase classname="com.OHRM_BaseTest.BaseTest" name="setUp" time="2.157"/>
  <system-out/>
  <testcase classname="com.OHRM_BaseTest.BaseTest" name="tearDown" time="0.656"/>
  <system-out/>
</testsuite> <!-- com.OHRM_BaseTest.BaseTest -->
