<?xml version="1.0" encoding="UTF-8"?>
<!-- Generated by org.testng.reporters.JUnitReportReporter -->
<testsuite hostname="LAPTOP-9GN5NKPT" failures="0" tests="2" name="com.OHRM_TestCases.OHRM_LogInFunctionality_MultipleTestData" time="9.123" errors="0" timestamp="2023-03-08T10:54:27 GMT" skipped="0">
  <testcase classname="com.OHRM_TestCases.OHRM_LogInFunctionality_MultipleTestData" name="validatingOrangeHRMApplicationLogInPageTest" time="1.062"/>
  <system-out/>
  <testcase classname="com.OHRM_TestCases.OHRM_LogInFunctionality_MultipleTestData" name="validatingLogInTest" time="8.061"/>
  <system-out/>
</testsuite> <!-- com.OHRM_TestCases.OHRM_LogInFunctionality_MultipleTestData -->
