<?xml version="1.0" encoding="UTF-8"?>
<!-- Generated by org.testng.reporters.JUnitReportReporter -->
<testsuite hostname="LAPTOP-9GN5NKPT" failures="0" tests="7" name="com.OHRM_TestCases.OHRM_AddEmployee" time="15.976" errors="0" timestamp="2023-03-10T17:59:47 GMT" skipped="0">
  <testcase classname="com.OHRM_TestCases.OHRM_AddEmployee" name="validatingOrangeHRMApplicationLogInPageTest" time="0.179"/>
  <system-out/>
  <testcase classname="com.OHRM_TestCases.OHRM_AddEmployee" name="validating_OrangeHRM_LoginPageTitle" time="0.041"/>
  <system-out/>
  <testcase classname="com.OHRM_TestCases.OHRM_AddEmployee" name="validatingLogInTest" time="1.438"/>
  <system-out/>
  <testcase classname="com.OHRM_TestCases.OHRM_AddEmployee" name="pimTest" time="0.226"/>
  <system-out/>
  <testcase classname="com.OHRM_TestCases.OHRM_AddEmployee" name="addEmployeeTest" time="0.914"/>
  <system-out/>
  <testcase classname="com.OHRM_TestCases.OHRM_AddEmployee" name="validatingAddEmployeePageText" time="0.064"/>
  <system-out/>
  <testcase classname="com.OHRM_TestCases.OHRM_AddEmployee" name="createNewEmployee" time="13.114"/>
  <system-out/>
</testsuite> <!-- com.OHRM_TestCases.OHRM_AddEmployee -->
