<?xml version="1.0" encoding="UTF-8"?>
<!-- Generated by org.testng.reporters.JUnitReportReporter -->
<testsuite hostname="LAPTOP-9GN5NKPT" failures="0" tests="3" name="com.OHRM_TestCases.OHRM_LogInTest" time="3.157" errors="0" timestamp="2023-03-10T17:59:47 GMT" skipped="0">
  <testcase classname="com.OHRM_TestCases.OHRM_LogInTest" name="validatingOrangeHRMApplicationLogInPageTest" time="0.855"/>
  <system-out/>
  <testcase classname="com.OHRM_TestCases.OHRM_LogInTest" name="validatingLogInTest" time="1.494"/>
  <system-out/>
  <testcase classname="com.OHRM_TestCases.OHRM_LogInTest" name="logOutTest" time="0.808"/>
  <system-out/>
</testsuite> <!-- com.OHRM_TestCases.OHRM_LogInTest -->
