<?xml version="1.0" encoding="UTF-8"?>
<!-- Generated by org.testng.reporters.JUnitReportReporter -->
<testsuite hostname="LAPTOP-9GN5NKPT" failures="0" tests="6" name="com.OHRM_TestCases.OHRM_EmployeeList_webTable_exportToExcel" time="18.752" errors="0" timestamp="2023-03-09T14:32:17 GMT" skipped="0">
  <testcase classname="com.OHRM_TestCases.OHRM_EmployeeList_webTable_exportToExcel" name="validatingOrangeHRMApplicationLogInPageTest" time="0.959"/>
  <system-out/>
  <testcase classname="com.OHRM_TestCases.OHRM_EmployeeList_webTable_exportToExcel" name="validatingLogInTest" time="1.823"/>
  <system-out/>
  <testcase classname="com.OHRM_TestCases.OHRM_EmployeeList_webTable_exportToExcel" name="pimTest" time="0.246"/>
  <system-out/>
  <testcase classname="com.OHRM_TestCases.OHRM_EmployeeList_webTable_exportToExcel" name="employeeListTest" time="0.925"/>
  <system-out/>
  <testcase classname="com.OHRM_TestCases.OHRM_EmployeeList_webTable_exportToExcel" name="validatingAddEmployeePageText" time="0.082"/>
  <system-out/>
  <testcase classname="com.OHRM_TestCases.OHRM_EmployeeList_webTable_exportToExcel" name="export_EmployeeListWebtable_toExcel" time="14.717"/>
  <system-out/>
</testsuite> <!-- com.OHRM_TestCases.OHRM_EmployeeList_webTable_exportToExcel -->
